<?xml version="1.0" encoding="UTF-8"?>
<testng-results ignored="0" total="1" passed="1" failed="0" skipped="0">
  <reporter-output>
  </reporter-output>
  <suite started-at="2026-07-02T13:38:52 IST" name="Default suite" finished-at="2026-07-02T13:40:02 IST" duration-ms="69683">
    <groups>
    </groups>
    <test started-at="2026-07-02T13:38:52 IST" name="Default test" finished-at="2026-07-02T13:40:02 IST" duration-ms="69683">
      <class name="testCases.SnapdealAutomationTest">
        <test-method signature="snapdealAutomation()[pri:0, instance:testCases.SnapdealAutomationTest@459e9125]" started-at="2026-07-02T13:38:52 IST" name="snapdealAutomation" finished-at="2026-07-02T13:40:02 IST" duration-ms="69642" status="PASS">
          <reporter-output>
          </reporter-output>
        </test-method> <!-- snapdealAutomation -->
      </class> <!-- testCases.SnapdealAutomationTest -->
    </test> <!-- Default test -->
  </suite> <!-- Default suite -->
</testng-results>
